2021-09-28 19:01:50,689 - root - INFO - running environment: development
2021-09-28 19:01:51,364 - root - INFO - running environment: development
2021-09-28 19:04:20,115 - root - INFO - running environment: development
2021-09-28 19:04:20,583 - root - INFO - running environment: development
2021-09-28 19:05:19,970 - root - INFO - running environment: development
2021-09-28 19:05:20,445 - root - INFO - running environment: development
2021-09-28 19:08:48,041 - root - ERROR - 404 Not Found: The requested URL was not found on the server. If you entered the URL manually please check your spelling and try again.
2021-09-28 19:11:33,171 - root - INFO - running environment: development
2021-09-28 19:11:49,605 - root - INFO - running environment: development
2021-09-28 19:15:02,278 - root - INFO - running environment: development
2021-09-28 19:15:02,720 - root - INFO - running environment: development
2021-09-28 19:15:35,315 - root - INFO - running environment: development
2021-09-28 19:16:33,234 - root - INFO - running environment: development
2021-09-28 19:16:33,675 - root - INFO - running environment: development
2021-09-28 19:22:33,583 - root - INFO - running environment: development
2021-09-28 19:22:34,056 - root - INFO - running environment: development
2021-09-28 19:22:57,864 - root - INFO - running environment: development
2021-09-28 19:23:00,596 - root - ERROR - 404 Not Found: The requested URL was not found on the server. If you entered the URL manually please check your spelling and try again.
2021-09-28 19:23:04,924 - root - ERROR - 404 Not Found: The requested URL was not found on the server. If you entered the URL manually please check your spelling and try again.
2021-09-28 19:23:24,172 - root - ERROR - 404 Not Found: The requested URL was not found on the server. If you entered the URL manually please check your spelling and try again.
2021-09-28 19:23:29,581 - root - ERROR - 404 Not Found: The requested URL was not found on the server. If you entered the URL manually please check your spelling and try again.
2021-09-28 19:23:45,565 - root - INFO - running environment: development
2021-09-28 19:24:05,384 - root - INFO - running environment: development
2021-09-28 19:24:29,503 - root - INFO - running environment: development
2021-09-28 19:24:42,738 - root - INFO - running environment: development
2021-09-28 19:24:43,203 - root - INFO - running environment: development
2021-09-28 19:28:07,467 - root - INFO - running environment: development
2021-09-28 19:28:23,798 - root - INFO - running environment: development
2021-09-28 19:28:24,313 - root - INFO - running environment: development
2021-09-28 19:28:53,859 - root - INFO - running environment: development
2021-09-28 19:28:54,326 - root - INFO - running environment: development
2021-09-28 19:29:56,404 - root - ERROR - 404 Not Found: The requested URL was not found on the server. If you entered the URL manually please check your spelling and try again.
2021-09-28 19:30:22,625 - root - ERROR - 404 Not Found: The requested URL was not found on the server. If you entered the URL manually please check your spelling and try again.
2021-09-28 19:32:03,932 - root - INFO - running environment: development
2021-09-28 19:32:04,370 - root - INFO - running environment: development
2021-09-28 19:32:41,675 - root - INFO - running environment: development
2021-09-28 19:32:48,584 - root - INFO - running environment: development
2021-09-28 19:33:01,576 - root - INFO - running environment: development
2021-09-28 19:33:18,121 - root - INFO - running environment: development
2021-09-28 19:33:31,128 - root - INFO - running environment: development
2021-09-28 19:34:13,042 - root - INFO - running environment: development
2021-09-28 19:35:36,618 - root - INFO - running environment: development
2021-09-28 20:26:53,251 - root - INFO - running environment: development
2021-09-28 20:26:53,723 - root - INFO - running environment: development
2021-09-28 20:53:38,152 - root - INFO - running environment: development
2021-09-28 20:53:38,622 - root - INFO - running environment: development
2021-09-28 21:16:30,263 - root - INFO - running environment: development
2021-09-28 21:16:30,896 - root - INFO - running environment: development
2021-09-28 21:20:44,929 - root - INFO - running environment: development
2021-09-28 21:24:49,443 - root - INFO - running environment: development
2021-09-28 21:24:50,223 - root - INFO - running environment: development
2021-09-28 21:35:35,545 - root - INFO - running environment: development
2021-09-28 21:41:57,311 - root - INFO - running environment: development
2021-09-28 21:43:48,124 - root - INFO - running environment: development
2021-09-28 21:46:46,790 - root - INFO - running environment: development
2021-09-28 21:47:06,050 - root - INFO - running environment: development
2021-09-28 21:50:44,733 - root - INFO - running environment: development
2021-09-28 22:05:57,622 - root - ERROR - 404 Not Found: The requested URL was not found on the server. If you entered the URL manually please check your spelling and try again.
2021-09-28 22:40:54,393 - root - INFO - running environment: development
2021-09-28 22:54:11,321 - root - INFO - running environment: development
2021-09-28 22:54:11,321 - root - INFO - running environment: development
2021-09-28 22:54:11,974 - root - INFO - running environment: development
2021-09-28 22:54:11,974 - root - INFO - running environment: development
2021-09-28 23:01:16,731 - root - INFO - running environment: development
2021-09-28 23:01:16,731 - root - INFO - running environment: development
2021-09-28 23:24:16,711 - root - INFO - running environment: development
2021-09-28 23:24:16,711 - root - INFO - running environment: development
2021-09-28 23:24:17,892 - root - INFO - running environment: development
2021-09-28 23:24:17,892 - root - INFO - running environment: development
2021-09-29 14:40:46,200 - root - INFO - running environment: development
2021-09-29 14:40:46,702 - root - INFO - running environment: development
2021-09-29 14:41:23,534 - root - INFO - running environment: development
2021-09-29 14:41:24,109 - root - INFO - running environment: development
2021-09-29 14:43:45,131 - root - INFO - running environment: development
2021-09-29 14:43:45,685 - root - INFO - running environment: development
2021-09-29 14:47:23,787 - root - INFO - running environment: development
2021-09-29 14:47:24,883 - root - INFO - running environment: development
2021-09-29 15:11:29,905 - root - INFO - running environment: development
2021-09-29 15:11:30,461 - root - INFO - running environment: development
2021-09-29 15:11:57,521 - root - INFO - running environment: development
2021-09-29 15:11:58,036 - root - INFO - running environment: development
2021-09-29 15:28:39,511 - root - INFO - running environment: development
2021-09-29 15:28:40,006 - root - INFO - running environment: development
2021-09-29 15:29:22,317 - root - INFO - running environment: development
2021-09-29 15:29:22,992 - root - INFO - running environment: development
2021-09-29 11:49:14,669 - root - INFO - running environment: development
2021-09-29 11:49:14,687 - werkzeug - WARNING -  * Running on all addresses.
   WARNING: This is a development server. Do not use it in a production deployment.
2021-09-29 11:49:14,687 - werkzeug - INFO -  * Running on http://192.168.0.173:5000/ (Press CTRL+C to quit)
2021-09-29 11:49:14,689 - werkzeug - INFO -  * Restarting with stat
2021-09-29 11:49:15,315 - root - INFO - running environment: development
2021-09-29 11:49:15,327 - werkzeug - WARNING -  * Debugger is active!
2021-09-29 11:49:15,349 - werkzeug - INFO -  * Debugger PIN: 540-746-364
2021-09-29 11:50:19,395 - root - INFO - running environment: development
2021-09-29 11:50:19,417 - werkzeug - WARNING -  * Running on all addresses.
   WARNING: This is a development server. Do not use it in a production deployment.
2021-09-29 11:50:19,417 - werkzeug - INFO -  * Running on http://192.168.0.173:5000/ (Press CTRL+C to quit)
2021-09-29 11:50:19,420 - werkzeug - INFO -  * Restarting with stat
2021-09-29 11:50:20,120 - root - INFO - running environment: development
2021-09-29 11:50:20,134 - werkzeug - WARNING -  * Debugger is active!
2021-09-29 11:50:20,150 - werkzeug - INFO -  * Debugger PIN: 540-746-364
2021-09-29 15:55:58,609 - root - INFO - running environment: development
2021-09-29 15:55:59,219 - root - INFO - running environment: development
2021-09-29 15:58:20,268 - root - INFO - running environment: development
2021-09-29 15:58:20,835 - root - INFO - running environment: development
2021-09-29 12:23:47,817 - root - ERROR - 404 Not Found: The requested URL was not found on the server. If you entered the URL manually please check your spelling and try again.
2021-09-29 12:24:44,233 - root - ERROR - 404 Not Found: The requested URL was not found on the server. If you entered the URL manually please check your spelling and try again.
2021-09-29 12:25:04,062 - root - ERROR - 404 Not Found: The requested URL was not found on the server. If you entered the URL manually please check your spelling and try again.
2021-09-29 12:27:47,369 - root - ERROR - 404 Not Found: The requested URL was not found on the server. If you entered the URL manually please check your spelling and try again.
2021-09-29 12:28:03,897 - root - ERROR - 404 Not Found: The requested URL was not found on the server. If you entered the URL manually please check your spelling and try again.
2021-09-29 12:29:40,755 - werkzeug - WARNING -  * Running on all addresses.
   WARNING: This is a development server. Do not use it in a production deployment.
2021-09-29 12:29:40,757 - werkzeug - INFO -  * Running on http://192.168.0.173:5000/ (Press CTRL+C to quit)
2021-09-29 12:30:28,879 - werkzeug - INFO -  * Running on http://127.0.0.1:5000/ (Press CTRL+C to quit)
2021-09-29 12:30:55,399 - werkzeug - INFO -  * Running on http://127.0.0.1:5000/ (Press CTRL+C to quit)
2021-09-29 12:32:53,511 - werkzeug - INFO -  * Running on http://127.0.0.1:5000/ (Press CTRL+C to quit)
2021-09-29 12:34:11,844 - werkzeug - INFO -  * Running on http://127.0.0.1:5000/ (Press CTRL+C to quit)
2021-09-29 12:34:39,129 - werkzeug - INFO -  * Running on http://127.0.0.1:5000/ (Press CTRL+C to quit)
2021-09-29 12:34:59,670 - werkzeug - INFO -  * Running on http://127.0.0.1:5000/ (Press CTRL+C to quit)
2021-09-29 12:35:25,331 - werkzeug - INFO -  * Running on http://127.0.0.1:5000/ (Press CTRL+C to quit)
2021-09-29 12:35:26,727 - werkzeug - INFO -  * Running on http://127.0.0.1:5000/ (Press CTRL+C to quit)
2021-09-29 12:35:56,475 - werkzeug - INFO -  * Running on http://127.0.0.1:5000/ (Press CTRL+C to quit)
2021-09-29 12:35:57,779 - werkzeug - INFO -  * Running on http://127.0.0.1:5000/ (Press CTRL+C to quit)
2021-09-29 12:37:59,880 - werkzeug - INFO -  * Running on http://127.0.0.1:5000/ (Press CTRL+C to quit)
2021-09-29 12:38:12,285 - werkzeug - INFO -  * Running on http://127.0.0.1:5000/ (Press CTRL+C to quit)
2021-09-29 12:38:42,882 - backend.app - ERROR - Exception on /products [GET]
Traceback (most recent call last):
  File "/Users/bjethwa/Downloads/feature-hunt/venv/lib/python3.9/site-packages/flask/app.py", line 2070, in wsgi_app
    response = self.full_dispatch_request()
  File "/Users/bjethwa/Downloads/feature-hunt/venv/lib/python3.9/site-packages/flask/app.py", line 1515, in full_dispatch_request
    rv = self.handle_user_exception(e)
  File "/Users/bjethwa/Downloads/feature-hunt/venv/lib/python3.9/site-packages/flask_cors/extension.py", line 165, in wrapped_function
    return cors_after_request(app.make_response(f(*args, **kwargs)))
  File "/Users/bjethwa/Downloads/feature-hunt/venv/lib/python3.9/site-packages/flask/app.py", line 1513, in full_dispatch_request
    rv = self.dispatch_request()
  File "/Users/bjethwa/Downloads/feature-hunt/venv/lib/python3.9/site-packages/flask/app.py", line 1499, in dispatch_request
    return self.ensure_sync(self.view_functions[rule.endpoint])(**req.view_args)
  File "/Users/bjethwa/Downloads/feature-hunt/backend/app/controllers/products.py", line 22, in products
    return dumps(data)
  File "/Users/bjethwa/Downloads/feature-hunt/venv/lib/python3.9/site-packages/bson/json_util.py", line 412, in dumps
    return json.dumps(_json_convert(obj, json_options), *args, **kwargs)
  File "/Users/bjethwa/Downloads/feature-hunt/venv/lib/python3.9/site-packages/bson/json_util.py", line 450, in _json_convert
    return list((_json_convert(v, json_options) for v in obj))
  File "/Users/bjethwa/Downloads/feature-hunt/venv/lib/python3.9/site-packages/bson/json_util.py", line 450, in <genexpr>
    return list((_json_convert(v, json_options) for v in obj))
  File "/Users/bjethwa/Downloads/feature-hunt/venv/lib/python3.9/site-packages/pymongo/cursor.py", line 1238, in next
    if len(self.__data) or self._refresh():
  File "/Users/bjethwa/Downloads/feature-hunt/venv/lib/python3.9/site-packages/pymongo/cursor.py", line 1130, in _refresh
    self.__session = self.__collection.database.client._ensure_session()
  File "/Users/bjethwa/Downloads/feature-hunt/venv/lib/python3.9/site-packages/pymongo/mongo_client.py", line 1935, in _ensure_session
    return self.__start_session(True, causal_consistency=False)
  File "/Users/bjethwa/Downloads/feature-hunt/venv/lib/python3.9/site-packages/pymongo/mongo_client.py", line 1883, in __start_session
    server_session = self._get_server_session()
  File "/Users/bjethwa/Downloads/feature-hunt/venv/lib/python3.9/site-packages/pymongo/mongo_client.py", line 1921, in _get_server_session
    return self._topology.get_server_session()
  File "/Users/bjethwa/Downloads/feature-hunt/venv/lib/python3.9/site-packages/pymongo/topology.py", line 520, in get_server_session
    session_timeout = self._check_session_support()
  File "/Users/bjethwa/Downloads/feature-hunt/venv/lib/python3.9/site-packages/pymongo/topology.py", line 504, in _check_session_support
    self._select_servers_loop(
  File "/Users/bjethwa/Downloads/feature-hunt/venv/lib/python3.9/site-packages/pymongo/topology.py", line 218, in _select_servers_loop
    raise ServerSelectionTimeoutError(
pymongo.errors.ServerSelectionTimeoutError: feature-hunt-shard-00-00.6gqvj.mongodb.net:27017: [SSL: CERTIFICATE_VERIFY_FAILED] certificate verify failed: unable to get local issuer certificate (_ssl.c:1129),feature-hunt-shard-00-01.6gqvj.mongodb.net:27017: [SSL: CERTIFICATE_VERIFY_FAILED] certificate verify failed: unable to get local issuer certificate (_ssl.c:1129),feature-hunt-shard-00-02.6gqvj.mongodb.net:27017: [SSL: CERTIFICATE_VERIFY_FAILED] certificate verify failed: unable to get local issuer certificate (_ssl.c:1129), Timeout: 30s, Topology Description: <TopologyDescription id: 615496671719e7ba08747611, topology_type: ReplicaSetNoPrimary, servers: [<ServerDescription ('feature-hunt-shard-00-00.6gqvj.mongodb.net', 27017) server_type: Unknown, rtt: None, error=AutoReconnect('feature-hunt-shard-00-00.6gqvj.mongodb.net:27017: [SSL: CERTIFICATE_VERIFY_FAILED] certificate verify failed: unable to get local issuer certificate (_ssl.c:1129)')>, <ServerDescription ('feature-hunt-shard-00-01.6gqvj.mongodb.net', 27017) server_type: Unknown, rtt: None, error=AutoReconnect('feature-hunt-shard-00-01.6gqvj.mongodb.net:27017: [SSL: CERTIFICATE_VERIFY_FAILED] certificate verify failed: unable to get local issuer certificate (_ssl.c:1129)')>, <ServerDescription ('feature-hunt-shard-00-02.6gqvj.mongodb.net', 27017) server_type: Unknown, rtt: None, error=AutoReconnect('feature-hunt-shard-00-02.6gqvj.mongodb.net:27017: [SSL: CERTIFICATE_VERIFY_FAILED] certificate verify failed: unable to get local issuer certificate (_ssl.c:1129)')>]>
2021-09-29 16:48:58,573 - root - INFO - running environment: development
2021-09-29 16:48:59,168 - root - INFO - running environment: development
